Arguments: 
  /home/phiyakanil/.nvm/versions/node/v20.3.1/bin/node /home/phiyakanil/.nvm/versions/node/v20.3.1/bin/yarn init

PATH: 
  /home/phiyakanil/.nvm/versions/node/v20.3.1/bin:/usr/local/sbin:/usr/local/bin:/usr/sbin:/usr/bin:/sbin:/bin:/usr/games:/usr/local/games:/snap/bin:/snap/bin:/home/phiyakanil/softwares/postman-linux-x64/Postman:/home/phiyakanil/softwares/android-studio-2022.2.1.20-linux/android-studio/bin/studio.sh:/home/phiyakanil/softwares/tsetup.4.8.4/Telegram:/home/phiyakanil/softwares/postman-linux-x64/Postman:/home/phiyakanil/softwares/android-studio-2022.2.1.20-linux/android-studio/bin/studio.sh:/home/phiyakanil/softwares/tsetup.4.8.4/Telegram:/home/phiyakanil/softwares/postman-linux-x64/Postman:/home/phiyakanil/softwares/android-studio-2022.2.1.20-linux/android-studio/bin/studio.sh:/home/phiyakanil/softwares/tsetup.4.8.4/Telegram

Yarn version: 
  1.22.19

Node version: 
  20.3.1

Platform: 
  linux x64

Trace: 
  Error: canceled
      at Interface.<anonymous> (/home/phiyakanil/.nvm/versions/node/v20.3.1/lib/node_modules/yarn/lib/cli.js:137150:13)
      at Interface.emit (node:events:511:28)
      at [_ttyWrite] [as _ttyWrite] (node:internal/readline/interface:1124:18)
      at ReadStream.onkeypress (node:internal/readline/interface:263:20)
      at ReadStream.emit (node:events:511:28)
      at emitKeys (node:internal/readline/utils:357:14)
      at emitKeys.next (<anonymous>)
      at ReadStream.onData (node:internal/readline/emitKeypressEvents:64:36)
      at ReadStream.emit (node:events:511:28)
      at addChunk (node:internal/streams/readable:332:12)

npm manifest: 
  {
    "name": "server",
    "version": "1.0.0",
    "description": "",
    "main": "index.js",
    "scripts": {
      "test": "echo \"Error: no test specified\" && exit 1"
    },
    "keywords": [],
    "author": "",
    "license": "ISC"
  }

yarn manifest: 
  No manifest

Lockfile: 
  No lockfile
